Using pre-set license
Built from '2020.2/release' branch; Version is '2020.2.2f1 (068178b99f32) revision 426360'; Using compiler version '192528614'; Build Type 'Release'
OS: 'Windows 10 Home Single Language; OS build 18363.1316; Version 1909; 64bit' Language: 'ru' Physical Memory: 3893 MB
BatchMode: 1, IsHumanControllingUs: 0, StartBugReporterOnCrash: 0, Is64bit: 1, IsPro: 0

 COMMAND LINE ARGUMENTS:
C:\Program Files\Unity\Hub\Editor\2020.2.2f1\Editor\Unity.exe
-adb2
-batchMode
-noUpm
-name
AssetImportWorker0
-projectPath
D:/IT-Kvantum_Kvantorium63/ITU-1/Yakunina/Flight_of_rocket
-logFile
Logs/AssetImportWorker0.log
-srvPort
64153
Successfully changed project path to: D:/IT-Kvantum_Kvantorium63/ITU-1/Yakunina/Flight_of_rocket
D:/IT-Kvantum_Kvantorium63/ITU-1/Yakunina/Flight_of_rocket
Using Asset Import Pipeline V2.
Refreshing native plugins compatible for Editor in 66.76 ms, found 0 plugins.
Preloading 0 native plugins for Editor in 0.00 ms.
Initialize engine version: 2020.2.2f1 (068178b99f32)
[Subsystems] Discovering subsystems at path C:/Program Files/Unity/Hub/Editor/2020.2.2f1/Editor/Data/Resources/UnitySubsystems
[Subsystems] Discovering subsystems at path D:/IT-Kvantum_Kvantorium63/ITU-1/Yakunina/Flight_of_rocket/Assets
GfxDevice: creating device client; threaded=0
Direct3D:
    Version:  Direct3D 11.0 [level 11.1]
    Renderer: Intel(R) HD Graphics 520 (ID=0x1921)
    Vendor:   
    VRAM:     1946 MB
    Driver:   27.20.100.8681
Initialize mono
Mono path[0] = 'C:/Program Files/Unity/Hub/Editor/2020.2.2f1/Editor/Data/Managed'
Mono path[1] = 'C:/Program Files/Unity/Hub/Editor/2020.2.2f1/Editor/Data/MonoBleedingEdge/lib/mono/unityjit'
Mono config path = 'C:/Program Files/Unity/Hub/Editor/2020.2.2f1/Editor/Data/MonoBleedingEdge/etc'
Using monoOptions --debugger-agent=transport=dt_socket,embedding=1,server=y,suspend=n,address=127.0.0.1:56656
Begin MonoManager ReloadAssembly
Registering precompiled unity dll's ...
Register platform support module: C:/Program Files/Unity/Hub/Editor/2020.2.2f1/Editor/Data/PlaybackEngines/WebGLSupport/UnityEditor.WebGL.Extensions.dll
Register platform support module: C:/Program Files/Unity/Hub/Editor/2020.2.2f1/Editor/Data/PlaybackEngines/WindowsStandaloneSupport/UnityEditor.WindowsStandalone.Extensions.dll
Registered in 0.006335 seconds.
Native extension for WindowsStandalone target not found
Native extension for WebGL target not found
Refreshing native plugins compatible for Editor in 40.08 ms, found 0 plugins.
Preloading 0 native plugins for Editor in 0.00 ms.
Invoked RoslynAnalysisRunner static constructor.
RoslynAnalysisRunner will not be running.
RoslynAnalysisRunner has terminated.
Mono: successfully reloaded assembly
- Completed reload, in  4.845 seconds
Platform modules already initialized, skipping
Registering precompiled user dll's ...
Registered in 0.093777 seconds.
Begin MonoManager ReloadAssembly
Native extension for WindowsStandalone target not found
Native extension for WebGL target not found
Refreshing native plugins compatible for Editor in 0.29 ms, found 0 plugins.
Preloading 0 native plugins for Editor in 0.00 ms.
Invoked RoslynAnalysisRunner static constructor.
RoslynAnalysisRunner will not be running.
RoslynAnalysisRunner has terminated.
Mono: successfully reloaded assembly
- Completed reload, in  1.641 seconds
Platform modules already initialized, skipping
========================================================================
Worker process is ready to serve import requests
Launched and connected shader compiler UnityShaderCompiler.exe after 0.11 seconds
Refreshing native plugins compatible for Editor in 0.28 ms, found 0 plugins.
Preloading 0 native plugins for Editor in 0.00 ms.
Unloading 1099 Unused Serialized files (Serialized files now loaded: 0)
System memory in use before: 56.6 MB.
System memory in use after: 56.6 MB.

Unloading 10 unused Assets to reduce memory usage. Loaded Objects now: 1540.
Total: 4.833000 ms (FindLiveObjects: 0.330100 ms CreateObjectMapping: 0.118800 ms MarkObjects: 4.186400 ms  DeleteObjects: 0.195300 ms)

========================================================================
Received Import Request.
  path: Assets/Scenes
  artifactKey: Guid(14632575a5305f34cb85d41cb03dc932) Importer(815301076,1909f56bfc062723c751e8b465ee728b)
Start importing Assets/Scenes using Guid(14632575a5305f34cb85d41cb03dc932) Importer(815301076,1909f56bfc062723c751e8b465ee728b)  -> (artifact id: '9cbf8b8cf812a2fbd44fb1006641e406') in 0.019006 seconds
  Import took 0.121055 seconds .

========================================================================
Received Import Request.
  Time since last request: 5.270920 seconds.
  path: Assets/Scenes/SampleScene.unity
  artifactKey: Guid(9fc0d4010bbf28b4594072e72b8655ab) Importer(815301076,1909f56bfc062723c751e8b465ee728b)
Start importing Assets/Scenes/SampleScene.unity using Guid(9fc0d4010bbf28b4594072e72b8655ab) Importer(815301076,1909f56bfc062723c751e8b465ee728b)  -> (artifact id: '9831e44e2a700a6e1119228b2d38e767') in 0.028850 seconds
  Import took 0.121867 seconds .

========================================================================
Received Import Request.
  Time since last request: 33.644913 seconds.
  path: Assets/Scenes/Level-1.unity
  artifactKey: Guid(9fc0d4010bbf28b4594072e72b8655ab) Importer(815301076,1909f56bfc062723c751e8b465ee728b)
Start importing Assets/Scenes/Level-1.unity using Guid(9fc0d4010bbf28b4594072e72b8655ab) Importer(815301076,1909f56bfc062723c751e8b465ee728b)  -> (artifact id: 'd7c3aff24b479493d583ae2ae0d4e71b') in 0.015579 seconds
  Import took 0.116389 seconds .

========================================================================
Received Import Request.
  Time since last request: 706.507046 seconds.
  path: Assets/Scenes/Prefabs
  artifactKey: Guid(7bf4ea983fa0f1140a825b4855932baa) Importer(815301076,1909f56bfc062723c751e8b465ee728b)
Start importing Assets/Scenes/Prefabs using Guid(7bf4ea983fa0f1140a825b4855932baa) Importer(815301076,1909f56bfc062723c751e8b465ee728b)  -> (artifact id: '9b9bcf432c90a21c493413ac902e4eea') in 0.021632 seconds
  Import took 0.028457 seconds .

========================================================================
Received Import Request.
  Time since last request: 30.675281 seconds.
  path: Assets/Prefabs/Main Camera.prefab
  artifactKey: Guid(86df2046ba5db2f4397ca2817ac83f17) Importer(815301076,1909f56bfc062723c751e8b465ee728b)
Start importing Assets/Prefabs/Main Camera.prefab using Guid(86df2046ba5db2f4397ca2817ac83f17) Importer(815301076,1909f56bfc062723c751e8b465ee728b)  -> (artifact id: '63dcdcfda1b0f60704dc21165fe80064') in 0.111986 seconds
  Import took 0.137828 seconds .

========================================================================
Received Import Request.
  Time since last request: 0.014940 seconds.
  path: Assets/Prefabs/Main Camera.prefab
  artifactKey: Guid(86df2046ba5db2f4397ca2817ac83f17) Importer(815301076,1909f56bfc062723c751e8b465ee728b)
Start importing Assets/Prefabs/Main Camera.prefab using Guid(86df2046ba5db2f4397ca2817ac83f17) Importer(815301076,1909f56bfc062723c751e8b465ee728b)  -> (artifact id: '63dcdcfda1b0f60704dc21165fe80064') in 0.008825 seconds
  Import took 0.014136 seconds .

========================================================================
Received Import Request.
  Time since last request: 1.863899 seconds.
  path: Assets/Prefabs/Directional Light.prefab
  artifactKey: Guid(cc025005448b1b84f8e0749ecd928eee) Importer(815301076,1909f56bfc062723c751e8b465ee728b)
Start importing Assets/Prefabs/Directional Light.prefab using Guid(cc025005448b1b84f8e0749ecd928eee) Importer(815301076,1909f56bfc062723c751e8b465ee728b)  -> (artifact id: '57392bb149ebfbb81da23adda683bcae') in 0.014743 seconds
  Import took 0.018337 seconds .

========================================================================
Received Import Request.
  Time since last request: 0.005274 seconds.
  path: Assets/Prefabs/Directional Light.prefab
  artifactKey: Guid(cc025005448b1b84f8e0749ecd928eee) Importer(815301076,1909f56bfc062723c751e8b465ee728b)
Start importing Assets/Prefabs/Directional Light.prefab using Guid(cc025005448b1b84f8e0749ecd928eee) Importer(815301076,1909f56bfc062723c751e8b465ee728b)  -> (artifact id: '57392bb149ebfbb81da23adda683bcae') in 0.008481 seconds
  Import took 0.012761 seconds .

========================================================================
Received Import Request.
  Time since last request: 2.210943 seconds.
  path: Assets/Prefabs/LaunchPad.prefab
  artifactKey: Guid(9026096e1e43bd442a6114149d253e94) Importer(815301076,1909f56bfc062723c751e8b465ee728b)
Start importing Assets/Prefabs/LaunchPad.prefab using Guid(9026096e1e43bd442a6114149d253e94) Importer(815301076,1909f56bfc062723c751e8b465ee728b)  -> (artifact id: 'd72546986d9692a86d7bbd2fb65f5da2') in 0.198624 seconds
  Import took 0.202772 seconds .

========================================================================
Received Import Request.
  Time since last request: 373.746906 seconds.
  path: Assets
  artifactKey: Guid(00000000000000001000000000000000) Importer(815301076,1909f56bfc062723c751e8b465ee728b)
Start importing Assets using Guid(00000000000000001000000000000000) Importer(815301076,1909f56bfc062723c751e8b465ee728b)  -> (artifact id: '4a6e520b92ccfc61bcfa21a7bcab8468') in 0.017690 seconds
  Import took 0.369841 seconds .

========================================================================
Received Import Request.
  Time since last request: 36.495495 seconds.
  path: Assets/Materials
  artifactKey: Guid(8b8b4d63111a4ce46ba9ec433a3ae1de) Importer(815301076,1909f56bfc062723c751e8b465ee728b)
Start importing Assets/Materials using Guid(8b8b4d63111a4ce46ba9ec433a3ae1de) Importer(815301076,1909f56bfc062723c751e8b465ee728b)  -> (artifact id: '648e1019e9fc344a9b142fbefda7e91a') in 0.021970 seconds
  Import took 0.048329 seconds .

========================================================================
Received Import Request.
  Time since last request: 0.002778 seconds.
  path: Assets/Materials
  artifactKey: Guid(8b8b4d63111a4ce46ba9ec433a3ae1de) Importer(815301076,1909f56bfc062723c751e8b465ee728b)
Start importing Assets/Materials using Guid(8b8b4d63111a4ce46ba9ec433a3ae1de) Importer(815301076,1909f56bfc062723c751e8b465ee728b)  -> (artifact id: '648e1019e9fc344a9b142fbefda7e91a') in 0.006128 seconds
  Import took 0.011440 seconds .

========================================================================
Received Import Request.
  Time since last request: 43.519566 seconds.
  path: Assets/Materials/New Material.mat
  artifactKey: Guid(5d50252a531f94d499ee0f2e84037a1d) Importer(815301076,1909f56bfc062723c751e8b465ee728b)
Start importing Assets/Materials/New Material.mat using Guid(5d50252a531f94d499ee0f2e84037a1d) Importer(815301076,1909f56bfc062723c751e8b465ee728b)  -> (artifact id: '28968a5488de94c0ab6e1484f43720d7') in 0.075846 seconds
  Import took 0.079918 seconds .

========================================================================
Received Import Request.
  Time since last request: 76.700897 seconds.
  path: Assets/Materials/Ground.mat
  artifactKey: Guid(5d50252a531f94d499ee0f2e84037a1d) Importer(815301076,1909f56bfc062723c751e8b465ee728b)
Start importing Assets/Materials/Ground.mat using Guid(5d50252a531f94d499ee0f2e84037a1d) Importer(815301076,1909f56bfc062723c751e8b465ee728b)  -> (artifact id: '49d6dbeb28cf6505209f1c64a17330ff') in 0.035048 seconds
  Import took 0.039975 seconds .

========================================================================
Received Import Request.
  Time since last request: 72.045436 seconds.
  path: Assets/Materials/Ground.mat
  artifactKey: Guid(5d50252a531f94d499ee0f2e84037a1d) Importer(815301076,1909f56bfc062723c751e8b465ee728b)
Start importing Assets/Materials/Ground.mat using Guid(5d50252a531f94d499ee0f2e84037a1d) Importer(815301076,1909f56bfc062723c751e8b465ee728b)  -> (artifact id: 'f72bd1e62a20734123df57766f43b889') in 0.068552 seconds
  Import took 0.072933 seconds .

AssetImportWorkerClient::OnTransportError - code=2 error=End of file
